<?xml version="1.0" encoding="UTF-8"?>
<!-- Generated by org.testng.reporters.JUnitReportReporter -->
<testsuite hostname="LTIN486088" failures="0" tests="1" name="TestCase.TC_04_Language_DropDown" time="0.159" errors="0" timestamp="2024-04-02T12:17:03 IST" skipped="0">
  <testcase classname="TestCase.TC_04_Language_DropDown" name="listLang" time="0.159"/>
</testsuite> <!-- TestCase.TC_04_Language_DropDown -->
