<?xml version="1.0" encoding="UTF-8"?>
<!-- Generated by org.testng.reporters.JUnitReportReporter -->
<testsuite hostname="LTIN486088" failures="0" tests="1" name="TestCase.TC_05_ToolTipList" time="7.757" errors="0" timestamp="2024-04-02T12:17:03 IST" skipped="0">
  <testcase classname="TestCase.TC_05_ToolTipList" name="validateGsdDetails" time="7.757"/>
</testsuite> <!-- TestCase.TC_05_ToolTipList -->
